INFO:     Will watch for changes in these directories: ['/Users/sabarish/Downloads/okgaadi-main/backend']
INFO:     Uvicorn running on http://127.0.0.1:8000 (Press CTRL+C to quit)
INFO:     Started reloader process [7140] using StatReload
INFO:     Started server process [7142]
INFO:     Waiting for application startup.
2025-12-23 18:04:33,305 - server - INFO - Attempting to connect to MongoDB at mongodb://localhost:27017...
2025-12-23 18:04:35,332 - server - WARNING - Failed to connect to real MongoDB: localhost:27017: [Errno 61] Connection refused, Timeout: 2.0s, Topology Description: <TopologyDescription id: 694a8c59ad45a506fcb56f80, topology_type: Unknown, servers: [<ServerDescription ('localhost', 27017) server_type: Unknown, rtt: None, error=AutoReconnect('localhost:27017: [Errno 61] Connection refused')>]>
2025-12-23 18:04:35,332 - server - WARNING - Falling back to in-memory Mock Database (mongomock)
2025-12-23 18:04:35,332 - server - INFO - Seeding mock database with admin user...
2025-12-23 18:04:35,333 - passlib.handlers.bcrypt - WARNING - (trapped) error reading bcrypt version
Traceback (most recent call last):
  File "/Users/sabarish/Downloads/okgaadi-main/backend/server.py", line 39, in lifespan
    await app.mongo_client.admin.command('ping')
  File "/Library/Frameworks/Python.framework/Versions/3.14/lib/python3.14/concurrent/futures/thread.py", line 86, in run
    result = ctx.run(self.task)
  File "/Library/Frameworks/Python.framework/Versions/3.14/lib/python3.14/concurrent/futures/thread.py", line 73, in run
    return fn(*args, **kwargs)
  File "/Library/Frameworks/Python.framework/Versions/3.14/lib/python3.14/site-packages/pymongo/_csot.py", line 108, in csot_wrapper
    return func(self, *args, **kwargs)
  File "/Library/Frameworks/Python.framework/Versions/3.14/lib/python3.14/site-packages/pymongo/database.py", line 892, in command
    with self.__client._conn_for_reads(read_preference, session) as (
         ~~~~~~~~~~~~~~~~~~~~~~~~~~~~~^^^^^^^^^^^^^^^^^^^^^^^^^^
  File "/Library/Frameworks/Python.framework/Versions/3.14/lib/python3.14/site-packages/pymongo/mongo_client.py", line 1340, in _conn_for_reads
    server = self._select_server(read_preference, session)
  File "/Library/Frameworks/Python.framework/Versions/3.14/lib/python3.14/site-packages/pymongo/mongo_client.py", line 1297, in _select_server
    server = topology.select_server(server_selector)
  File "/Library/Frameworks/Python.framework/Versions/3.14/lib/python3.14/site-packages/pymongo/topology.py", line 312, in select_server
    server = self._select_server(selector, server_selection_timeout, address)
  File "/Library/Frameworks/Python.framework/Versions/3.14/lib/python3.14/site-packages/pymongo/topology.py", line 296, in _select_server
    servers = self.select_servers(selector, server_selection_timeout, address)
  File "/Library/Frameworks/Python.framework/Versions/3.14/lib/python3.14/site-packages/pymongo/topology.py", line 247, in select_servers
    server_descriptions = self._select_servers_loop(selector, server_timeout, address)
  File "/Library/Frameworks/Python.framework/Versions/3.14/lib/python3.14/site-packages/pymongo/topology.py", line 269, in _select_servers_loop
    raise ServerSelectionTimeoutError(
        f"{self._error_message(selector)}, Timeout: {timeout}s, Topology Description: {self.description!r}"
    )
pymongo.errors.ServerSelectionTimeoutError: localhost:27017: [Errno 61] Connection refused, Timeout: 2.0s, Topology Description: <TopologyDescription id: 694a8c59ad45a506fcb56f80, topology_type: Unknown, servers: [<ServerDescription ('localhost', 27017) server_type: Unknown, rtt: None, error=AutoReconnect('localhost:27017: [Errno 61] Connection refused')>]>

During handling of the above exception, another exception occurred:

Traceback (most recent call last):
  File "/Library/Frameworks/Python.framework/Versions/3.14/lib/python3.14/site-packages/passlib/handlers/bcrypt.py", line 620, in _load_backend_mixin
    version = _bcrypt.__about__.__version__
              ^^^^^^^^^^^^^^^^^
AttributeError: module 'bcrypt' has no attribute '__about__'
2025-12-23 18:04:35,576 - server - INFO - Seeding mock database with standard user...
2025-12-23 18:04:35,798 - server - INFO - Mock database seeded. Login with admin@okgadi.com or user@okgadi.com
INFO:     Application startup complete.
ERROR:    Exception in ASGI application
Traceback (most recent call last):
  File "/Library/Frameworks/Python.framework/Versions/3.14/lib/python3.14/site-packages/uvicorn/protocols/http/h11_impl.py", line 408, in run_asgi
    result = await app(  # type: ignore[func-returns-value]
             ^^^^^^^^^^^^^^^^^^^^^^^^^^^^^^^^^^^^^^^^^^^^^^
        self.scope, self.receive, self.send
        ^^^^^^^^^^^^^^^^^^^^^^^^^^^^^^^^^^^
    )
    ^
  File "/Library/Frameworks/Python.framework/Versions/3.14/lib/python3.14/site-packages/uvicorn/middleware/proxy_headers.py", line 84, in __call__
    return await self.app(scope, receive, send)
           ^^^^^^^^^^^^^^^^^^^^^^^^^^^^^^^^^^^^
  File "/Library/Frameworks/Python.framework/Versions/3.14/lib/python3.14/site-packages/fastapi/applications.py", line 1054, in __call__
    await super().__call__(scope, receive, send)
  File "/Library/Frameworks/Python.framework/Versions/3.14/lib/python3.14/site-packages/starlette/applications.py", line 123, in __call__
    await self.middleware_stack(scope, receive, send)
  File "/Library/Frameworks/Python.framework/Versions/3.14/lib/python3.14/site-packages/starlette/middleware/errors.py", line 186, in __call__
    raise exc
  File "/Library/Frameworks/Python.framework/Versions/3.14/lib/python3.14/site-packages/starlette/middleware/errors.py", line 164, in __call__
    await self.app(scope, receive, _send)
  File "/Library/Frameworks/Python.framework/Versions/3.14/lib/python3.14/site-packages/starlette/middleware/cors.py", line 85, in __call__
    await self.app(scope, receive, send)
  File "/Library/Frameworks/Python.framework/Versions/3.14/lib/python3.14/site-packages/starlette/middleware/exceptions.py", line 65, in __call__
    await wrap_app_handling_exceptions(self.app, conn)(scope, receive, send)
  File "/Library/Frameworks/Python.framework/Versions/3.14/lib/python3.14/site-packages/starlette/_exception_handler.py", line 64, in wrapped_app
    raise exc
  File "/Library/Frameworks/Python.framework/Versions/3.14/lib/python3.14/site-packages/starlette/_exception_handler.py", line 53, in wrapped_app
    await app(scope, receive, sender)
  File "/Library/Frameworks/Python.framework/Versions/3.14/lib/python3.14/site-packages/starlette/routing.py", line 756, in __call__
    await self.middleware_stack(scope, receive, send)
  File "/Library/Frameworks/Python.framework/Versions/3.14/lib/python3.14/site-packages/starlette/routing.py", line 776, in app
    await route.handle(scope, receive, send)
  File "/Library/Frameworks/Python.framework/Versions/3.14/lib/python3.14/site-packages/starlette/routing.py", line 297, in handle
    await self.app(scope, receive, send)
  File "/Library/Frameworks/Python.framework/Versions/3.14/lib/python3.14/site-packages/starlette/routing.py", line 77, in app
    await wrap_app_handling_exceptions(app, request)(scope, receive, send)
  File "/Library/Frameworks/Python.framework/Versions/3.14/lib/python3.14/site-packages/starlette/_exception_handler.py", line 64, in wrapped_app
    raise exc
  File "/Library/Frameworks/Python.framework/Versions/3.14/lib/python3.14/site-packages/starlette/_exception_handler.py", line 53, in wrapped_app
    await app(scope, receive, sender)
  File "/Library/Frameworks/Python.framework/Versions/3.14/lib/python3.14/site-packages/starlette/routing.py", line 72, in app
    response = await func(request)
               ^^^^^^^^^^^^^^^^^^^
  File "/Library/Frameworks/Python.framework/Versions/3.14/lib/python3.14/site-packages/fastapi/routing.py", line 269, in app
    solved_result = await solve_dependencies(
                    ^^^^^^^^^^^^^^^^^^^^^^^^^
    ...<5 lines>...
    )
    ^
  File "/Library/Frameworks/Python.framework/Versions/3.14/lib/python3.14/site-packages/fastapi/dependencies/utils.py", line 600, in solve_dependencies
    solved = await call(**sub_values)
             ^^^^^^^^^^^^^^^^^^^^^^^^
  File "/Users/sabarish/Downloads/okgaadi-main/backend/routes/auth.py", line 57, in get_current_user
    return User(**user)
  File "/Library/Frameworks/Python.framework/Versions/3.14/lib/python3.14/site-packages/pydantic/main.py", line 250, in __init__
    validated_self = self.__pydantic_validator__.validate_python(data, self_instance=self)
pydantic_core._pydantic_core.ValidationError: 1 validation error for User
_id
  Input should be a valid string [type=string_type, input_value=ObjectId('694a8c5bad45a506fcb56f82'), input_type=ObjectId]
    For further information visit https://errors.pydantic.dev/2.12/v/string_type
WARNING:  StatReload detected changes in 'routes/auth.py'. Reloading...
INFO:     Shutting down
INFO:     Waiting for application shutdown.
2025-12-23 18:04:59,802 - server - INFO - Disconnected from MongoDB
INFO:     Application shutdown complete.
INFO:     Finished server process [7142]
INFO:     Started server process [7582]
INFO:     Waiting for application startup.
2025-12-23 18:05:00,311 - server - INFO - Attempting to connect to MongoDB at mongodb://localhost:27017...
2025-12-23 18:05:02,339 - server - WARNING - Failed to connect to real MongoDB: localhost:27017: [Errno 61] Connection refused, Timeout: 2.0s, Topology Description: <TopologyDescription id: 694a8c7470592dc00dcce33f, topology_type: Unknown, servers: [<ServerDescription ('localhost', 27017) server_type: Unknown, rtt: None, error=AutoReconnect('localhost:27017: [Errno 61] Connection refused')>]>
2025-12-23 18:05:02,339 - server - WARNING - Falling back to in-memory Mock Database (mongomock)
2025-12-23 18:05:02,340 - server - INFO - Seeding mock database with admin user...
2025-12-23 18:05:02,340 - passlib.handlers.bcrypt - WARNING - (trapped) error reading bcrypt version
Traceback (most recent call last):
  File "/Users/sabarish/Downloads/okgaadi-main/backend/server.py", line 39, in lifespan
    await app.mongo_client.admin.command('ping')
  File "/Library/Frameworks/Python.framework/Versions/3.14/lib/python3.14/concurrent/futures/thread.py", line 86, in run
    result = ctx.run(self.task)
  File "/Library/Frameworks/Python.framework/Versions/3.14/lib/python3.14/concurrent/futures/thread.py", line 73, in run
    return fn(*args, **kwargs)
  File "/Library/Frameworks/Python.framework/Versions/3.14/lib/python3.14/site-packages/pymongo/_csot.py", line 108, in csot_wrapper
    return func(self, *args, **kwargs)
  File "/Library/Frameworks/Python.framework/Versions/3.14/lib/python3.14/site-packages/pymongo/database.py", line 892, in command
    with self.__client._conn_for_reads(read_preference, session) as (
         ~~~~~~~~~~~~~~~~~~~~~~~~~~~~~^^^^^^^^^^^^^^^^^^^^^^^^^^
  File "/Library/Frameworks/Python.framework/Versions/3.14/lib/python3.14/site-packages/pymongo/mongo_client.py", line 1340, in _conn_for_reads
    server = self._select_server(read_preference, session)
  File "/Library/Frameworks/Python.framework/Versions/3.14/lib/python3.14/site-packages/pymongo/mongo_client.py", line 1297, in _select_server
    server = topology.select_server(server_selector)
  File "/Library/Frameworks/Python.framework/Versions/3.14/lib/python3.14/site-packages/pymongo/topology.py", line 312, in select_server
    server = self._select_server(selector, server_selection_timeout, address)
  File "/Library/Frameworks/Python.framework/Versions/3.14/lib/python3.14/site-packages/pymongo/topology.py", line 296, in _select_server
    servers = self.select_servers(selector, server_selection_timeout, address)
  File "/Library/Frameworks/Python.framework/Versions/3.14/lib/python3.14/site-packages/pymongo/topology.py", line 247, in select_servers
    server_descriptions = self._select_servers_loop(selector, server_timeout, address)
  File "/Library/Frameworks/Python.framework/Versions/3.14/lib/python3.14/site-packages/pymongo/topology.py", line 269, in _select_servers_loop
    raise ServerSelectionTimeoutError(
        f"{self._error_message(selector)}, Timeout: {timeout}s, Topology Description: {self.description!r}"
    )
pymongo.errors.ServerSelectionTimeoutError: localhost:27017: [Errno 61] Connection refused, Timeout: 2.0s, Topology Description: <TopologyDescription id: 694a8c7470592dc00dcce33f, topology_type: Unknown, servers: [<ServerDescription ('localhost', 27017) server_type: Unknown, rtt: None, error=AutoReconnect('localhost:27017: [Errno 61] Connection refused')>]>

During handling of the above exception, another exception occurred:

Traceback (most recent call last):
  File "/Library/Frameworks/Python.framework/Versions/3.14/lib/python3.14/site-packages/passlib/handlers/bcrypt.py", line 620, in _load_backend_mixin
    version = _bcrypt.__about__.__version__
              ^^^^^^^^^^^^^^^^^
AttributeError: module 'bcrypt' has no attribute '__about__'
2025-12-23 18:05:02,585 - server - INFO - Seeding mock database with standard user...
2025-12-23 18:05:02,806 - server - INFO - Mock database seeded. Login with admin@okgadi.com or user@okgadi.com
INFO:     Application startup complete.
